{"level":40,"time":1773128472009,"pid":1026,"hostname":"MacBookAir.lan","module":"git-auth","msg":"GITHUB_TOKEN not set — GIT_ASKPASS not configured"}
{"level":30,"time":1773128472013,"pid":1026,"hostname":"MacBookAir.lan","module":"registry","toolCount":0,"fileCount":0,"msg":"tools loaded"}
{"level":30,"time":1773128472072,"pid":1026,"hostname":"MacBookAir.lan","module":"main","mode":"local","startedAt":"10.3.2026, 9:41:12","msg":"AlonBot starting"}
{"level":30,"time":1773128472075,"pid":1026,"hostname":"MacBookAir.lan","module":"main","msg":"local mode — Telegram send-only"}
{"level":30,"time":1773128472075,"pid":1026,"hostname":"MacBookAir.lan","module":"whatsapp","msg":"starting"}
{"level":30,"time":1773128472076,"pid":1026,"hostname":"MacBookAir.lan","module":"server","port":3700,"msg":"health check server started"}
{"level":30,"time":1773128472076,"pid":1026,"hostname":"MacBookAir.lan","module":"server","url":"http://localhost:3700/chat?token=alonbot-secret-2026","msg":"chat URL"}
{"level":30,"time":1773128472076,"pid":1026,"hostname":"MacBookAir.lan","module":"server","url":"http://localhost:3700/dashboard?token=alonbot-secret-2026","msg":"dashboard URL"}
{"level":30,"time":1773128472076,"pid":1026,"hostname":"MacBookAir.lan","module":"server","url":"http://localhost:3700/api/tool","msg":"tool API URL"}
{"level":30,"time":1773128472099,"pid":1026,"hostname":"MacBookAir.lan","module":"main","msg":"WhatsApp adapter started"}
{"level":30,"time":1773128472099,"pid":1026,"hostname":"MacBookAir.lan","module":"cron","count":2,"msg":"loading cron jobs"}
{"level":30,"time":1773128472104,"pid":1026,"hostname":"MacBookAir.lan","module":"cron","name":"בוקר טוב יומי לאלון","cronExpr":"0 7 * * *","msg":"scheduled cron job"}
{"level":30,"time":1773128472105,"pid":1026,"hostname":"MacBookAir.lan","module":"cron","name":"בוקר טוב יומי לאלון","cronExpr":"0 7 * * *","msg":"scheduled cron job"}
{"level":30,"time":1773128472117,"pid":1026,"hostname":"MacBookAir.lan","module":"main","msg":"ready"}
{"level":30,"time":"2026-03-10T07:41:12.332Z","pid":1026,"hostname":"MacBookAir.lan","class":"baileys","browser":["AlonBot","Chrome","22.0"],"helloMsg":{"clientHello":{"ephemeral":"PZtvSON/lAGtRDbvns3Tdx/ElgdGJpKVgONAIzWO7Ss="}},"msg":"connected to WA"}
{"level":30,"time":"2026-03-10T07:41:12.465Z","pid":1026,"hostname":"MacBookAir.lan","class":"baileys","node":{"username":"972546300783","passive":false,"userAgent":{"platform":"WEB","appVersion":{"primary":2,"secondary":3000,"tertiary":1023223821},"mcc":"000","mnc":"000","osVersion":"0.1","device":"Desktop","osBuildNumber":"0.1","releaseChannel":"RELEASE","localeLanguageIso6391":"en","localeCountryIso31661Alpha2":"US"},"webInfo":{"webSubPlatform":"WEB_BROWSER"},"connectType":"WIFI_UNKNOWN","connectReason":"USER_ACTIVATED","pull":true},"msg":"logging in..."}
{"level":30,"time":"2026-03-10T07:41:13.478Z","pid":1026,"hostname":"MacBookAir.lan","class":"baileys","trace":"Error: Connection Failure\n    at WebSocketClient.<anonymous> (/Users/oakhome/קלוד עבודות/alonbot/node_modules/@whiskeysockets/baileys/src/Socket/socket.ts:653:7)\n    at WebSocketClient.emit (node:events:508:28)\n    at <anonymous> (/Users/oakhome/קלוד עבודות/alonbot/node_modules/@whiskeysockets/baileys/src/Socket/socket.ts:327:23)\n    at Object.decodeFrame (/Users/oakhome/קלוד עבודות/alonbot/node_modules/@whiskeysockets/baileys/src/Utils/noise-handler.ts:187:5)\n    at process.processTicksAndRejections (node:internal/process/task_queues:104:5)","msg":"connection errored"}
{"level":30,"time":1773128473479,"pid":1026,"hostname":"MacBookAir.lan","module":"whatsapp","retryCount":1,"maxRetries":3,"msg":"reconnecting"}
{"level":30,"time":"2026-03-10T07:41:18.845Z","pid":1026,"hostname":"MacBookAir.lan","class":"baileys","browser":["AlonBot","Chrome","22.0"],"helloMsg":{"clientHello":{"ephemeral":"yZDDI0wZgHFS9ttVQXqPjifjPQZBDhd49d9p+YyihB4="}},"msg":"connected to WA"}
{"level":30,"time":"2026-03-10T07:41:19.041Z","pid":1026,"hostname":"MacBookAir.lan","class":"baileys","node":{"username":"972546300783","passive":false,"userAgent":{"platform":"WEB","appVersion":{"primary":2,"secondary":3000,"tertiary":1023223821},"mcc":"000","mnc":"000","osVersion":"0.1","device":"Desktop","osBuildNumber":"0.1","releaseChannel":"RELEASE","localeLanguageIso6391":"en","localeCountryIso31661Alpha2":"US"},"webInfo":{"webSubPlatform":"WEB_BROWSER"},"connectType":"WIFI_UNKNOWN","connectReason":"USER_ACTIVATED","pull":true},"msg":"logging in..."}
{"level":30,"time":"2026-03-10T07:41:21.571Z","pid":1026,"hostname":"MacBookAir.lan","class":"baileys","trace":"Error: Connection Failure\n    at WebSocketClient.<anonymous> (/Users/oakhome/קלוד עבודות/alonbot/node_modules/@whiskeysockets/baileys/src/Socket/socket.ts:653:7)\n    at WebSocketClient.emit (node:events:508:28)\n    at <anonymous> (/Users/oakhome/קלוד עבודות/alonbot/node_modules/@whiskeysockets/baileys/src/Socket/socket.ts:327:23)\n    at Object.decodeFrame (/Users/oakhome/קלוד עבודות/alonbot/node_modules/@whiskeysockets/baileys/src/Utils/noise-handler.ts:187:5)\n    at process.processTicksAndRejections (node:internal/process/task_queues:104:5)","msg":"connection errored"}
{"level":30,"time":1773128481572,"pid":1026,"hostname":"MacBookAir.lan","module":"whatsapp","retryCount":2,"maxRetries":3,"msg":"reconnecting"}
{"level":30,"time":"2026-03-10T07:41:27.236Z","pid":1026,"hostname":"MacBookAir.lan","class":"baileys","browser":["AlonBot","Chrome","22.0"],"helloMsg":{"clientHello":{"ephemeral":"Tj52yTmiZ/qWZwiZWtHO/4VxlcvOQTNqhvVoYJ6WeCg="}},"msg":"connected to WA"}
{"level":30,"time":"2026-03-10T07:41:27.469Z","pid":1026,"hostname":"MacBookAir.lan","class":"baileys","node":{"username":"972546300783","passive":false,"userAgent":{"platform":"WEB","appVersion":{"primary":2,"secondary":3000,"tertiary":1023223821},"mcc":"000","mnc":"000","osVersion":"0.1","device":"Desktop","osBuildNumber":"0.1","releaseChannel":"RELEASE","localeLanguageIso6391":"en","localeCountryIso31661Alpha2":"US"},"webInfo":{"webSubPlatform":"WEB_BROWSER"},"connectType":"WIFI_UNKNOWN","connectReason":"USER_ACTIVATED","pull":true},"msg":"logging in..."}
{"level":30,"time":"2026-03-10T07:41:30.598Z","pid":1026,"hostname":"MacBookAir.lan","class":"baileys","trace":"Error: Connection Failure\n    at WebSocketClient.<anonymous> (/Users/oakhome/קלוד עבודות/alonbot/node_modules/@whiskeysockets/baileys/src/Socket/socket.ts:653:7)\n    at WebSocketClient.emit (node:events:508:28)\n    at <anonymous> (/Users/oakhome/קלוד עבודות/alonbot/node_modules/@whiskeysockets/baileys/src/Socket/socket.ts:327:23)\n    at Object.decodeFrame (/Users/oakhome/קלוד עבודות/alonbot/node_modules/@whiskeysockets/baileys/src/Utils/noise-handler.ts:187:5)\n    at process.processTicksAndRejections (node:internal/process/task_queues:104:5)","msg":"connection errored"}
{"level":30,"time":1773128490620,"pid":1026,"hostname":"MacBookAir.lan","module":"whatsapp","retryCount":3,"maxRetries":3,"msg":"reconnecting"}
{"level":30,"time":"2026-03-10T07:41:36.234Z","pid":1026,"hostname":"MacBookAir.lan","class":"baileys","browser":["AlonBot","Chrome","22.0"],"helloMsg":{"clientHello":{"ephemeral":"NQL72T/7gl+tFVlmULxiAcDwTFmceYE30q6mBf97Pgo="}},"msg":"connected to WA"}
{"level":30,"time":"2026-03-10T07:41:36.348Z","pid":1026,"hostname":"MacBookAir.lan","class":"baileys","node":{"username":"972546300783","passive":false,"userAgent":{"platform":"WEB","appVersion":{"primary":2,"secondary":3000,"tertiary":1023223821},"mcc":"000","mnc":"000","osVersion":"0.1","device":"Desktop","osBuildNumber":"0.1","releaseChannel":"RELEASE","localeLanguageIso6391":"en","localeCountryIso31661Alpha2":"US"},"webInfo":{"webSubPlatform":"WEB_BROWSER"},"connectType":"WIFI_UNKNOWN","connectReason":"USER_ACTIVATED","pull":true},"msg":"logging in..."}
{"level":30,"time":"2026-03-10T07:41:38.983Z","pid":1026,"hostname":"MacBookAir.lan","class":"baileys","trace":"Error: Connection Failure\n    at WebSocketClient.<anonymous> (/Users/oakhome/קלוד עבודות/alonbot/node_modules/@whiskeysockets/baileys/src/Socket/socket.ts:653:7)\n    at WebSocketClient.emit (node:events:508:28)\n    at <anonymous> (/Users/oakhome/קלוד עבודות/alonbot/node_modules/@whiskeysockets/baileys/src/Socket/socket.ts:327:23)\n    at Object.decodeFrame (/Users/oakhome/קלוד עבודות/alonbot/node_modules/@whiskeysockets/baileys/src/Utils/noise-handler.ts:187:5)\n    at process.processTicksAndRejections (node:internal/process/task_queues:104:5)","msg":"connection errored"}
{"level":50,"time":1773128498990,"pid":1026,"hostname":"MacBookAir.lan","module":"whatsapp","msg":"max retries reached — WhatsApp disabled"}
